This file contains any messages produced by compilers while
running configure, to aid debugging if configure makes a mistake.

It was created by wxlatex configure 0.1, which was
generated by GNU Autoconf 2.61.  Invocation command line was

  $ ./configure 

## --------- ##
## Platform. ##
## --------- ##

hostname = Christoph
uname -m = i686
uname -r = 2.6.22-14-generic
uname -s = Linux
uname -v = #1 SMP Sun Oct 14 23:05:12 GMT 2007

/usr/bin/uname -p = unknown
/bin/uname -X     = unknown

/bin/arch              = unknown
/usr/bin/arch -k       = unknown
/usr/convex/getsysinfo = unknown
/usr/bin/hostinfo      = unknown
/bin/machine           = unknown
/usr/bin/oslevel       = unknown
/bin/universe          = unknown

PATH: /usr/local/sbin
PATH: /usr/local/bin
PATH: /usr/sbin
PATH: /usr/bin
PATH: /sbin
PATH: /bin
PATH: /usr/games
PATH: /usr/local/lib
PATH: /usr/local/eclipse
PATH: /usr/local/nrn/i686/bin


## ----------- ##
## Core tests. ##
## ----------- ##

configure:1798: error: cannot find install-sh or install.sh in build "."/build

## ---------------- ##
## Cache variables. ##
## ---------------- ##

ac_cv_env_CCC_set=
ac_cv_env_CCC_value=
ac_cv_env_CC_set=
ac_cv_env_CC_value=
ac_cv_env_CFLAGS_set=
ac_cv_env_CFLAGS_value=
ac_cv_env_CPPFLAGS_set=
ac_cv_env_CPPFLAGS_value=
ac_cv_env_CXXFLAGS_set=
ac_cv_env_CXXFLAGS_value=
ac_cv_env_CXX_set=
ac_cv_env_CXX_value=
ac_cv_env_LDFLAGS_set=
ac_cv_env_LDFLAGS_value=
ac_cv_env_LIBS_set=
ac_cv_env_LIBS_value=
ac_cv_env_build_alias_set=
ac_cv_env_build_alias_value=
ac_cv_env_host_alias_set=
ac_cv_env_host_alias_value=
ac_cv_env_target_alias_set=
ac_cv_env_target_alias_value=

## ----------------- ##
## Output variables. ##
## ----------------- ##

AIX_CXX_LD=''
AR=''
AROPTIONS=''
BK_DEPS=''
CC=''
CFLAGS=''
COND_DEPS_TRACKING_0=''
COND_DEPS_TRACKING_1=''
COND_PLATFORM_MACOSX_0_USE_SOVERCYGWIN_0_USE_SOVERSION_1=''
COND_PLATFORM_MACOSX_0_USE_SOVERSION_1=''
COND_PLATFORM_MACOSX_1=''
COND_PLATFORM_MACOSX_1_USE_SOVERSION_1=''
COND_PLATFORM_MAC_1=''
COND_PLATFORM_OS2_1=''
COND_PLATFORM_WIN32_1=''
COND_USE_SOSYMLINKS_1=''
COND_USE_SOVERCYGWIN_1_USE_SOVERSION_1=''
COND_USE_SOVERLINUX_1=''
COND_USE_SOVERSION_0=''
COND_USE_SOVERSOLARIS_1=''
COND_WINDOWS_IMPLIB_1=''
COND_WX_DEBUG_0=''
COND_WX_DEBUG_0_WX_UNICODE_1=''
COND_WX_DEBUG_1=''
COND_WX_DEBUG_1_WX_UNICODE_0=''
COND_WX_DEBUG_1_WX_UNICODE_1=''
COND_WX_SHARED_0=''
COND_WX_SHARED_1=''
CPPFLAGS=''
CXX=''
CXXFLAGS=''
DEFS=''
DEPS_TRACKING=''
DLLIMP_SUFFIX=''
DLLPREFIX=''
DLLPREFIX_MODULE=''
ECHO_C=''
ECHO_N='-n'
ECHO_T=''
EXEEXT=''
IF_GNU_MAKE=''
INSTALL_DATA=''
INSTALL_DIR=''
INSTALL_PROGRAM=''
INSTALL_SCRIPT=''
LDFLAGS=''
LDFLAGS_GUI=''
LIBEXT=''
LIBOBJS=''
LIBPREFIX=''
LIBS=''
LN_S=''
LTLIBOBJS=''
MAKE_SET=''
NM=''
OBJEXT=''
PACKAGE_BUGREPORT='christsc@gmx.de'
PACKAGE_NAME='wxlatex'
PACKAGE_STRING='wxlatex 0.1'
PACKAGE_TARNAME='wxlatex'
PACKAGE_VERSION='0.1'
PATH_SEPARATOR=':'
PIC_FLAG=''
PLATFORM_BEOS=''
PLATFORM_MAC=''
PLATFORM_MACOS=''
PLATFORM_MACOSX=''
PLATFORM_MSDOS=''
PLATFORM_OS2=''
PLATFORM_UNIX=''
PLATFORM_WIN32=''
RANLIB=''
REZ=''
SETFILE=''
SET_MAKE=''
SHARED_LD_CC=''
SHARED_LD_CXX=''
SHARED_LD_MODULE_CC=''
SHARED_LD_MODULE_CXX=''
SHELL='/bin/bash'
SONAME_FLAG=''
SO_SUFFIX=''
SO_SUFFIX_MODULE=''
STRIP=''
USE_MACVERSION=''
USE_SOSYMLINKS=''
USE_SOVERCYGWIN=''
USE_SOVERLINUX=''
USE_SOVERSION=''
USE_SOVERSOLARIS=''
WINDOWS_IMPLIB=''
WINDRES=''
WX_CFLAGS=''
WX_CFLAGS_ONLY=''
WX_CONFIG_PATH=''
WX_CPPFLAGS=''
WX_CXXFLAGS=''
WX_CXXFLAGS_ONLY=''
WX_DEBUG=''
WX_LIBS=''
WX_LIBS_STATIC=''
WX_PORT=''
WX_RESCOMP=''
WX_SHARED=''
WX_UNICODE=''
WX_VERSION_FULL=''
WX_VERSION_MAJOR=''
WX_VERSION_MINOR=''
ac_ct_CC=''
ac_ct_CXX=''
bindir='${exec_prefix}/bin'
build=''
build_alias=''
build_cpu=''
build_os=''
build_vendor=''
datadir='${datarootdir}'
datarootdir='${prefix}/share'
dlldir=''
docdir='${datarootdir}/doc/${PACKAGE_TARNAME}'
dvidir='${docdir}'
exec_prefix='NONE'
host=''
host_alias=''
host_cpu=''
host_os=''
host_vendor=''
htmldir='${docdir}'
includedir='${prefix}/include'
infodir='${datarootdir}/info'
libdir='${exec_prefix}/lib'
libexecdir='${exec_prefix}/libexec'
localedir='${datarootdir}/locale'
localstatedir='${prefix}/var'
mandir='${datarootdir}/man'
oldincludedir='/usr/include'
pdfdir='${docdir}'
prefix='NONE'
program_transform_name='s,x,x,'
psdir='${docdir}'
sbindir='${exec_prefix}/sbin'
sharedstatedir='${prefix}/com'
sysconfdir='${prefix}/etc'
target=''
target_alias=''
target_cpu=''
target_os=''
target_vendor=''

## ----------- ##
## confdefs.h. ##
## ----------- ##

#define PACKAGE_NAME "wxlatex"
#define PACKAGE_TARNAME "wxlatex"
#define PACKAGE_VERSION "0.1"
#define PACKAGE_STRING "wxlatex 0.1"
#define PACKAGE_BUGREPORT "christsc@gmx.de"

configure: exit 1
